{
  "RSpec": {
    "coverage": {
      "/Users/ludivine/wannatalk.io/config/environment.rb": [
        null,
        1,
        null,
        null,
        1
      ],
      "/Users/ludivine/wannatalk.io/config/application.rb": [
        1,
        null,
        1,
        null,
        null,
        null,
        1,
        null,
        1,
        1,
        null,
        null,
        null,
        null,
        null,
        null,
        null,
        null,
        null,
        null,
        null,
        null,
        null,
        1,
        1,
        null,
        null
      ],
      "/Users/ludivine/wannatalk.io/config/boot.rb": [
        1,
        null,
        1
      ],
      "/Users/ludivine/wannatalk.io/config/environments/test.rb": [
        1,
        null,
        null,
        null,
        null,
        null,
        null,
        1,
        null,
        null,
        null,
        null,
        1,
        null,
        null,
        1,
        1,
        null,
        null,
        1,
        1,
        null,
        null,
        1,
        null,
        null,
        1,
        null,
        null,
        null,
        null,
        1,
        null,
        null,
        1,
        null,
        null,
        1,
        null,
        null,
        null,
        null
      ],
      "/Users/ludivine/wannatalk.io/config/initializers/assets.rb": [
        null,
        null,
        null,
        1,
        null,
        null,
        null,
        null,
        null,
        null,
        null
      ],
      "/Users/ludivine/wannatalk.io/config/initializers/backtrace_silencers.rb": [
        null,
        null,
        null,
        null,
        null,
        null,
        null
      ],
      "/Users/ludivine/wannatalk.io/config/initializers/cookies_serializer.rb": [
        null,
        null,
        1
      ],
      "/Users/ludivine/wannatalk.io/config/initializers/devise.rb": [
        null,
        null,
        1,
        null,
        null,
        null,
        null,
        null,
        null,
        null,
        null,
        null,
        null,
        null,
        1,
        null,
        null,
        null,
        null,
        null,
        null,
        null,
        null,
        1,
        null,
        null,
        null,
        null,
        null,
        null,
        null,
        null,
        null,
        null,
        null,
        null,
        null,
        null,
        null,
        null,
        null,
        null,
        null,
        null,
        null,
        1,
        null,
        null,
        null,
        null,
        1,
        null,
        null,
        null,
        null,
        null,
        null,
        null,
        null,
        null,
        null,
        null,
        null,
        null,
        null,
        null,
        null,
        null,
        null,
        null,
        null,
        null,
        null,
        null,
        null,
        null,
        null,
        null,
        null,
        null,
        null,
        1,
        null,
        null,
        null,
        null,
        null,
        null,
        null,
        null,
        null,
        null,
        null,
        null,
        null,
        null,
        null,
        null,
        1,
        null,
        null,
        null,
        null,
        null,
        null,
        null,
        null,
        null,
        null,
        null,
        null,
        null,
        null,
        null,
        null,
        null,
        null,
        null,
        null,
        null,
        null,
        null,
        null,
        null,
        null,
        null,
        1,
        null,
        null,
        null,
        null,
        null,
        null,
        null,
        null,
        null,
        1,
        null,
        null,
        null,
        null,
        null,
        null,
        null,
        null,
        null,
        null,
        1,
        null,
        null,
        null,
        null,
        null,
        null,
        null,
        null,
        null,
        null,
        null,
        null,
        null,
        null,
        null,
        null,
        null,
        null,
        null,
        null,
        null,
        null,
        null,
        null,
        null,
        null,
        null,
        null,
        null,
        null,
        null,
        null,
        null,
        null,
        null,
        null,
        null,
        null,
        null,
        null,
        null,
        null,
        null,
        null,
        null,
        1,
        null,
        null,
        null,
        null,
        null,
        null,
        null,
        null,
        null,
        null,
        null,
        null,
        null,
        null,
        null,
        null,
        null,
        null,
        null,
        null,
        null,
        null,
        null,
        null,
        null,
        null,
        null,
        null,
        null,
        null,
        null,
        null,
        null,
        null,
        null,
        null,
        null,
        null,
        null,
        null,
        null,
        1,
        null,
        null,
        null,
        null,
        null,
        null,
        null,
        null,
        null,
        null,
        null,
        null,
        null,
        null,
        null,
        null,
        null,
        null,
        null,
        null,
        null,
        null,
        null,
        null,
        null,
        null,
        null,
        null,
        null
      ],
      "/Users/ludivine/wannatalk.io/config/initializers/filter_parameter_logging.rb": [
        null,
        null,
        null,
        1
      ],
      "/Users/ludivine/wannatalk.io/config/initializers/inflections.rb": [
        null,
        null,
        null,
        null,
        null,
        null,
        null,
        null,
        null,
        null,
        null,
        null,
        null,
        null,
        null,
        null
      ],
      "/Users/ludivine/wannatalk.io/config/initializers/mime_types.rb": [
        null,
        null,
        null,
        null
      ],
      "/Users/ludivine/wannatalk.io/config/initializers/session_store.rb": [
        null,
        null,
        1
      ],
      "/Users/ludivine/wannatalk.io/config/initializers/simple_form.rb": [
        null,
        1,
        null,
        null,
        null,
        null,
        null,
        1,
        null,
        null,
        null,
        null,
        null,
        null,
        null,
        null,
        null,
        1,
        null,
        null,
        null,
        1,
        null,
        null,
        null,
        null,
        null,
        null,
        null,
        null,
        1,
        null,
        null,
        1,
        null,
        null,
        1,
        null,
        null,
        1,
        null,
        null,
        1,
        1,
        1,
        null,
        null,
        null,
        null,
        null,
        null,
        null,
        null,
        null,
        1,
        null,
        null,
        null,
        null,
        null,
        1,
        null,
        null,
        1,
        null,
        null,
        null,
        null,
        null,
        null,
        null,
        1,
        null,
        null,
        1,
        null,
        null,
        null,
        null,
        null,
        null,
        null,
        null,
        null,
        null,
        null,
        null,
        null,
        null,
        null,
        null,
        null,
        null,
        null,
        null,
        null,
        null,
        null,
        null,
        null,
        null,
        null,
        null,
        null,
        null,
        null,
        null,
        null,
        null,
        null,
        null,
        null,
        null,
        null,
        null,
        null,
        null,
        null,
        null,
        1,
        null,
        null,
        null,
        null,
        null,
        null,
        null,
        null,
        null,
        null,
        null,
        null,
        null,
        null,
        null,
        null,
        null,
        null,
        null,
        null,
        null,
        null,
        null,
        null,
        null,
        null,
        null,
        null,
        null,
        null,
        null,
        null,
        null,
        null,
        null,
        null,
        1,
        null,
        null,
        null,
        null,
        null,
        null,
        null,
        null
      ],
      "/Users/ludivine/wannatalk.io/config/initializers/simple_form_bootstrap.rb": [
        null,
        1,
        1,
        1,
        1,
        null,
        1,
        1,
        1,
        1,
        1,
        1,
        1,
        1,
        null,
        1,
        1,
        1,
        null,
        null,
        1,
        1,
        1,
        1,
        1,
        1,
        null,
        1,
        1,
        1,
        null,
        null,
        1,
        1,
        1,
        null,
        1,
        1,
        null,
        null,
        1,
        1,
        null,
        null,
        1,
        1,
        1,
        1,
        1,
        1,
        1,
        null,
        null,
        1,
        1,
        1,
        1,
        1,
        1,
        1,
        1,
        null,
        1,
        1,
        1,
        1,
        null,
        null,
        null,
        1,
        1,
        1,
        1,
        1,
        1,
        null,
        1,
        1,
        1,
        1,
        null,
        null,
        null,
        1,
        1,
        1,
        null,
        1,
        1,
        1,
        null,
        null,
        1,
        1,
        null,
        null,
        null,
        1,
        1,
        1,
        null,
        1,
        null,
        1,
        1,
        1,
        1,
        null,
        null,
        null,
        1,
        1,
        1,
        1,
        1,
        1,
        1,
        1,
        null,
        1,
        1,
        1,
        null,
        null,
        1,
        1,
        1,
        1,
        1,
        1,
        1,
        1,
        null,
        null,
        null,
        null,
        null,
        null,
        1,
        1,
        null,
        null,
        null,
        null,
        null,
        null,
        null,
        null,
        null
      ],
      "/Users/ludivine/wannatalk.io/config/initializers/wrap_parameters.rb": [
        null,
        null,
        null,
        null,
        null,
        null,
        1,
        1,
        null,
        null,
        null,
        null,
        null,
        null
      ],
      "/Users/ludivine/wannatalk.io/spec/factories/conference_participants.rb": [
        1,
        1,
        1,
        1,
        1,
        null,
        null,
        null,
        null
      ],
      "/Users/ludivine/wannatalk.io/spec/factories/conferences.rb": [
        1,
        null,
        1,
        1,
        5,
        5,
        null,
        null
      ],
      "/Users/ludivine/wannatalk.io/spec/factories/participants.rb": [
        1,
        null,
        1,
        1,
        6,
        6,
        6,
        null,
        null
      ],
      "/Users/ludivine/wannatalk.io/spec/factories/subject.rb": [
        1,
        null,
        1,
        1,
        3,
        3,
        1,
        1,
        null,
        null
      ],
      "/Users/ludivine/wannatalk.io/spec/factories/subject_participant.rb": [
        1,
        1,
        1,
        1,
        1,
        null,
        null,
        null,
        null
      ],
      "/Users/ludivine/wannatalk.io/config/routes.rb": [
        1,
        1,
        1,
        1,
        1,
        1,
        null,
        null,
        null,
        null,
        null,
        null,
        null,
        null,
        null,
        null,
        null,
        null,
        null,
        null,
        null,
        null,
        null,
        null,
        null,
        null,
        null,
        null,
        null,
        null,
        null,
        null,
        null,
        null,
        null,
        null,
        null,
        null,
        null,
        null,
        null,
        null,
        null,
        null,
        null,
        null,
        null,
        null,
        null,
        null,
        null,
        null,
        null,
        null,
        null,
        null,
        null,
        null,
        null,
        null,
        null,
        null
      ],
      "/Users/ludivine/wannatalk.io/app/models/participant.rb": [
        1,
        null,
        null,
        1,
        null,
        1,
        1,
        1,
        1,
        1,
        1,
        null
      ],
      "/Users/ludivine/wannatalk.io/app/helpers/application_helper.rb": [
        1,
        null
      ],
      "/Users/ludivine/wannatalk.io/app/helpers/conferences_helper.rb": [
        1,
        null
      ],
      "/Users/ludivine/wannatalk.io/app/helpers/participants_helper.rb": [
        1,
        null
      ],
      "/Users/ludivine/wannatalk.io/app/helpers/subjects_helper.rb": [
        1,
        null
      ],
      "/Users/ludivine/wannatalk.io/spec/models/conference_participant_spec.rb": [
        1,
        null,
        1,
        1,
        1,
        1,
        null,
        2,
        2,
        null,
        2,
        2,
        null,
        null
      ],
      "/Users/ludivine/wannatalk.io/spec/rails_helper.rb": [
        null,
        1,
        1,
        null,
        1,
        1,
        1,
        1,
        1,
        null,
        null,
        null,
        null,
        null,
        null,
        null,
        null,
        null,
        null,
        null,
        null,
        null,
        null,
        null,
        3,
        null,
        null,
        null,
        1,
        null,
        1,
        null,
        1,
        1,
        null,
        null,
        null,
        null,
        null,
        1,
        null,
        null,
        null,
        null,
        null,
        null,
        null,
        null,
        null,
        null,
        null,
        null,
        null,
        null,
        1,
        null,
        null,
        1,
        null,
        null,
        null,
        null
      ],
      "/Users/ludivine/wannatalk.io/spec/support/database_cleaner.rb": [
        1,
        null,
        1,
        1,
        null,
        null,
        1,
        26,
        null,
        null,
        1,
        0,
        null,
        null,
        1,
        26,
        null,
        null,
        1,
        26,
        null,
        null
      ],
      "/Users/ludivine/wannatalk.io/spec/support/factory_girl.rb": [
        1,
        1,
        null
      ],
      "/Users/ludivine/wannatalk.io/app/models/conference_participant.rb": [
        1,
        1,
        1,
        1,
        null,
        null
      ],
      "/Users/ludivine/wannatalk.io/spec/models/conference_spec.rb": [
        1,
        null,
        1,
        null,
        1,
        1,
        null,
        2,
        2,
        2,
        2,
        null,
        null,
        null
      ],
      "/Users/ludivine/wannatalk.io/app/models/conference.rb": [
        1,
        1,
        1,
        1,
        1,
        null,
        null
      ],
      "/Users/ludivine/wannatalk.io/spec/models/participant_spec.rb": [
        1,
        null,
        1,
        null,
        1,
        1,
        null,
        2,
        2,
        null,
        null,
        null,
        null
      ],
      "/Users/ludivine/wannatalk.io/spec/models/subject_participant_spec.rb": [
        1,
        null,
        1,
        null,
        1,
        1,
        null,
        2,
        2,
        null,
        2,
        2,
        null,
        null,
        null
      ],
      "/Users/ludivine/wannatalk.io/app/models/subject_participant.rb": [
        1,
        1,
        1,
        1,
        null
      ],
      "/Users/ludivine/wannatalk.io/spec/models/subject_spec.rb": [
        1,
        null,
        1,
        null,
        1,
        1,
        null,
        2,
        2,
        2,
        2,
        null,
        2,
        2,
        2,
        null,
        null,
        null
      ],
      "/Users/ludivine/wannatalk.io/app/models/subject.rb": [
        1,
        1,
        null,
        1,
        1,
        1,
        1,
        null
      ]
    },
    "timestamp": 1459783289
  }
}
